[0.498s] DEBUG:colcon:Command line arguments: ['/usr/bin/colcon', 'build']
[0.498s] DEBUG:colcon:Parsed command line arguments: Namespace(ament_cmake_args=None, base_paths=['.'], build_base='build', catkin_cmake_args=None, catkin_skip_building_tests=False, cmake_args=None, cmake_clean_cache=False, cmake_clean_first=False, cmake_force_configure=False, cmake_target=None, cmake_target_skip_unavailable=False, continue_on_error=False, event_handlers=None, executor='parallel', ignore_user_meta=False, install_base='install', log_base=None, log_level=None, main=<bound method BuildVerb.main of <colcon_core.verb.build.BuildVerb object at 0x7f2a38413190>>, merge_install=False, metas=['./colcon.meta'], packages_above=None, packages_above_and_dependencies=None, packages_above_depth=None, packages_end=None, packages_ignore=None, packages_ignore_regex=None, packages_select=None, packages_select_build_failed=False, packages_select_by_dep=None, packages_select_regex=None, packages_select_test_failures=False, packages_skip=None, packages_skip_build_finished=False, packages_skip_by_dep=None, packages_skip_regex=None, packages_skip_test_passed=False, packages_skip_up_to=None, packages_start=None, packages_up_to=None, packages_up_to_regex=None, parallel_workers=4, paths=None, symlink_install=False, test_result_base=None, verb_extension=<colcon_core.verb.build.BuildVerb object at 0x7f2a38413190>, verb_name='build', verb_parser=<colcon_defaults.argument_parser.defaults.DefaultArgumentsDecorator object at 0x7f2a384136d0>)
[0.510s] Level 1:colcon.colcon_core.package_discovery:discover_packages(colcon_meta) check parameters
[0.511s] Level 1:colcon.colcon_core.package_discovery:discover_packages(recursive) check parameters
[0.511s] Level 1:colcon.colcon_core.package_discovery:discover_packages(ignore) check parameters
[0.511s] Level 1:colcon.colcon_core.package_discovery:discover_packages(path) check parameters
[0.511s] Level 1:colcon.colcon_core.package_discovery:discover_packages(colcon_meta) discover
[0.511s] Level 1:colcon.colcon_core.package_discovery:discover_packages(recursive) discover
[0.511s] INFO:colcon.colcon_core.package_discovery:Crawling recursively for packages in '/home/robo/ros'
[0.511s] Level 1:colcon.colcon_core.package_identification:_identify(.) by extensions ['ignore', 'ignore_ament_install']
[0.512s] Level 1:colcon.colcon_core.package_identification:_identify(.) by extension 'ignore'
[0.512s] Level 1:colcon.colcon_core.package_identification:_identify(.) by extension 'ignore_ament_install'
[0.512s] Level 1:colcon.colcon_core.package_identification:_identify(.) by extensions ['colcon_pkg']
[0.512s] Level 1:colcon.colcon_core.package_identification:_identify(.) by extension 'colcon_pkg'
[0.512s] Level 1:colcon.colcon_core.package_identification:_identify(.) by extensions ['colcon_meta']
[0.512s] Level 1:colcon.colcon_core.package_identification:_identify(.) by extension 'colcon_meta'
[0.512s] Level 1:colcon.colcon_core.package_identification:_identify(.) by extensions ['ros']
[0.512s] Level 1:colcon.colcon_core.package_identification:_identify(.) by extension 'ros'
[0.533s] Level 1:colcon.colcon_core.package_identification:_identify(.) by extensions ['cmake', 'python']
[0.533s] Level 1:colcon.colcon_core.package_identification:_identify(.) by extension 'cmake'
[0.533s] Level 1:colcon.colcon_core.package_identification:_identify(.) by extension 'python'
[0.533s] Level 1:colcon.colcon_core.package_identification:_identify(.) by extensions ['python_setup_py']
[0.533s] Level 1:colcon.colcon_core.package_identification:_identify(.) by extension 'python_setup_py'
[0.533s] Level 1:colcon.colcon_core.package_identification:_identify(backup) by extensions ['ignore', 'ignore_ament_install']
[0.533s] Level 1:colcon.colcon_core.package_identification:_identify(backup) by extension 'ignore'
[0.533s] Level 1:colcon.colcon_core.package_identification:_identify(backup) by extension 'ignore_ament_install'
[0.534s] Level 1:colcon.colcon_core.package_identification:_identify(backup) by extensions ['colcon_pkg']
[0.534s] Level 1:colcon.colcon_core.package_identification:_identify(backup) by extension 'colcon_pkg'
[0.534s] Level 1:colcon.colcon_core.package_identification:_identify(backup) by extensions ['colcon_meta']
[0.534s] Level 1:colcon.colcon_core.package_identification:_identify(backup) by extension 'colcon_meta'
[0.534s] Level 1:colcon.colcon_core.package_identification:_identify(backup) by extensions ['ros']
[0.534s] Level 1:colcon.colcon_core.package_identification:_identify(backup) by extension 'ros'
[0.534s] Level 1:colcon.colcon_core.package_identification:_identify(backup) by extensions ['cmake', 'python']
[0.534s] Level 1:colcon.colcon_core.package_identification:_identify(backup) by extension 'cmake'
[0.534s] Level 1:colcon.colcon_core.package_identification:_identify(backup) by extension 'python'
[0.534s] Level 1:colcon.colcon_core.package_identification:_identify(backup) by extensions ['python_setup_py']
[0.534s] Level 1:colcon.colcon_core.package_identification:_identify(backup) by extension 'python_setup_py'
[0.534s] Level 1:colcon.colcon_core.package_identification:_identify(backup/909.111.111) by extensions ['ignore', 'ignore_ament_install']
[0.534s] Level 1:colcon.colcon_core.package_identification:_identify(backup/909.111.111) by extension 'ignore'
[0.535s] Level 1:colcon.colcon_core.package_identification:_identify(backup/909.111.111) by extension 'ignore_ament_install'
[0.535s] Level 1:colcon.colcon_core.package_identification:_identify(backup/909.111.111) by extensions ['colcon_pkg']
[0.535s] Level 1:colcon.colcon_core.package_identification:_identify(backup/909.111.111) by extension 'colcon_pkg'
[0.535s] Level 1:colcon.colcon_core.package_identification:_identify(backup/909.111.111) by extensions ['colcon_meta']
[0.535s] Level 1:colcon.colcon_core.package_identification:_identify(backup/909.111.111) by extension 'colcon_meta'
[0.535s] Level 1:colcon.colcon_core.package_identification:_identify(backup/909.111.111) by extensions ['ros']
[0.535s] Level 1:colcon.colcon_core.package_identification:_identify(backup/909.111.111) by extension 'ros'
[0.535s] Level 1:colcon.colcon_core.package_identification:_identify(backup/909.111.111) by extensions ['cmake', 'python']
[0.535s] Level 1:colcon.colcon_core.package_identification:_identify(backup/909.111.111) by extension 'cmake'
[0.535s] Level 1:colcon.colcon_core.package_identification:_identify(backup/909.111.111) by extension 'python'
[0.535s] Level 1:colcon.colcon_core.package_identification:_identify(backup/909.111.111) by extensions ['python_setup_py']
[0.535s] Level 1:colcon.colcon_core.package_identification:_identify(backup/909.111.111) by extension 'python_setup_py'
[0.535s] Level 1:colcon.colcon_core.package_identification:_identify(build) by extensions ['ignore', 'ignore_ament_install']
[0.535s] Level 1:colcon.colcon_core.package_identification:_identify(build) by extension 'ignore'
[0.536s] Level 1:colcon.colcon_core.package_identification:_identify(build) ignored
[0.536s] Level 1:colcon.colcon_core.package_identification:_identify(dataset) by extensions ['ignore', 'ignore_ament_install']
[0.536s] Level 1:colcon.colcon_core.package_identification:_identify(dataset) by extension 'ignore'
[0.536s] Level 1:colcon.colcon_core.package_identification:_identify(dataset) by extension 'ignore_ament_install'
[0.536s] Level 1:colcon.colcon_core.package_identification:_identify(dataset) by extensions ['colcon_pkg']
[0.536s] Level 1:colcon.colcon_core.package_identification:_identify(dataset) by extension 'colcon_pkg'
[0.536s] Level 1:colcon.colcon_core.package_identification:_identify(dataset) by extensions ['colcon_meta']
[0.536s] Level 1:colcon.colcon_core.package_identification:_identify(dataset) by extension 'colcon_meta'
[0.536s] Level 1:colcon.colcon_core.package_identification:_identify(dataset) by extensions ['ros']
[0.536s] Level 1:colcon.colcon_core.package_identification:_identify(dataset) by extension 'ros'
[0.537s] Level 1:colcon.colcon_core.package_identification:_identify(dataset) by extensions ['cmake', 'python']
[0.537s] Level 1:colcon.colcon_core.package_identification:_identify(dataset) by extension 'cmake'
[0.537s] Level 1:colcon.colcon_core.package_identification:_identify(dataset) by extension 'python'
[0.537s] Level 1:colcon.colcon_core.package_identification:_identify(dataset) by extensions ['python_setup_py']
[0.537s] Level 1:colcon.colcon_core.package_identification:_identify(dataset) by extension 'python_setup_py'
[0.538s] Level 1:colcon.colcon_core.package_identification:_identify(dataset/000.580.67) by extensions ['ignore', 'ignore_ament_install']
[0.538s] Level 1:colcon.colcon_core.package_identification:_identify(dataset/000.580.67) by extension 'ignore'
[0.538s] Level 1:colcon.colcon_core.package_identification:_identify(dataset/000.580.67) by extension 'ignore_ament_install'
[0.539s] Level 1:colcon.colcon_core.package_identification:_identify(dataset/000.580.67) by extensions ['colcon_pkg']
[0.539s] Level 1:colcon.colcon_core.package_identification:_identify(dataset/000.580.67) by extension 'colcon_pkg'
[0.539s] Level 1:colcon.colcon_core.package_identification:_identify(dataset/000.580.67) by extensions ['colcon_meta']
[0.539s] Level 1:colcon.colcon_core.package_identification:_identify(dataset/000.580.67) by extension 'colcon_meta'
[0.539s] Level 1:colcon.colcon_core.package_identification:_identify(dataset/000.580.67) by extensions ['ros']
[0.539s] Level 1:colcon.colcon_core.package_identification:_identify(dataset/000.580.67) by extension 'ros'
[0.539s] Level 1:colcon.colcon_core.package_identification:_identify(dataset/000.580.67) by extensions ['cmake', 'python']
[0.539s] Level 1:colcon.colcon_core.package_identification:_identify(dataset/000.580.67) by extension 'cmake'
[0.539s] Level 1:colcon.colcon_core.package_identification:_identify(dataset/000.580.67) by extension 'python'
[0.539s] Level 1:colcon.colcon_core.package_identification:_identify(dataset/000.580.67) by extensions ['python_setup_py']
[0.539s] Level 1:colcon.colcon_core.package_identification:_identify(dataset/000.580.67) by extension 'python_setup_py'
[0.539s] Level 1:colcon.colcon_core.package_identification:_identify(dataset/001.324.25) by extensions ['ignore', 'ignore_ament_install']
[0.540s] Level 1:colcon.colcon_core.package_identification:_identify(dataset/001.324.25) by extension 'ignore'
[0.540s] Level 1:colcon.colcon_core.package_identification:_identify(dataset/001.324.25) by extension 'ignore_ament_install'
[0.540s] Level 1:colcon.colcon_core.package_identification:_identify(dataset/001.324.25) by extensions ['colcon_pkg']
[0.540s] Level 1:colcon.colcon_core.package_identification:_identify(dataset/001.324.25) by extension 'colcon_pkg'
[0.540s] Level 1:colcon.colcon_core.package_identification:_identify(dataset/001.324.25) by extensions ['colcon_meta']
[0.540s] Level 1:colcon.colcon_core.package_identification:_identify(dataset/001.324.25) by extension 'colcon_meta'
[0.540s] Level 1:colcon.colcon_core.package_identification:_identify(dataset/001.324.25) by extensions ['ros']
[0.540s] Level 1:colcon.colcon_core.package_identification:_identify(dataset/001.324.25) by extension 'ros'
[0.540s] Level 1:colcon.colcon_core.package_identification:_identify(dataset/001.324.25) by extensions ['cmake', 'python']
[0.540s] Level 1:colcon.colcon_core.package_identification:_identify(dataset/001.324.25) by extension 'cmake'
[0.540s] Level 1:colcon.colcon_core.package_identification:_identify(dataset/001.324.25) by extension 'python'
[0.541s] Level 1:colcon.colcon_core.package_identification:_identify(dataset/001.324.25) by extensions ['python_setup_py']
[0.541s] Level 1:colcon.colcon_core.package_identification:_identify(dataset/001.324.25) by extension 'python_setup_py'
[0.541s] Level 1:colcon.colcon_core.package_identification:_identify(dataset/100.919.00) by extensions ['ignore', 'ignore_ament_install']
[0.541s] Level 1:colcon.colcon_core.package_identification:_identify(dataset/100.919.00) by extension 'ignore'
[0.541s] Level 1:colcon.colcon_core.package_identification:_identify(dataset/100.919.00) by extension 'ignore_ament_install'
[0.541s] Level 1:colcon.colcon_core.package_identification:_identify(dataset/100.919.00) by extensions ['colcon_pkg']
[0.541s] Level 1:colcon.colcon_core.package_identification:_identify(dataset/100.919.00) by extension 'colcon_pkg'
[0.541s] Level 1:colcon.colcon_core.package_identification:_identify(dataset/100.919.00) by extensions ['colcon_meta']
[0.541s] Level 1:colcon.colcon_core.package_identification:_identify(dataset/100.919.00) by extension 'colcon_meta'
[0.541s] Level 1:colcon.colcon_core.package_identification:_identify(dataset/100.919.00) by extensions ['ros']
[0.542s] Level 1:colcon.colcon_core.package_identification:_identify(dataset/100.919.00) by extension 'ros'
[0.542s] Level 1:colcon.colcon_core.package_identification:_identify(dataset/100.919.00) by extensions ['cmake', 'python']
[0.542s] Level 1:colcon.colcon_core.package_identification:_identify(dataset/100.919.00) by extension 'cmake'
[0.542s] Level 1:colcon.colcon_core.package_identification:_identify(dataset/100.919.00) by extension 'python'
[0.542s] Level 1:colcon.colcon_core.package_identification:_identify(dataset/100.919.00) by extensions ['python_setup_py']
[0.542s] Level 1:colcon.colcon_core.package_identification:_identify(dataset/100.919.00) by extension 'python_setup_py'
[0.542s] Level 1:colcon.colcon_core.package_identification:_identify(dataset/100.922.16) by extensions ['ignore', 'ignore_ament_install']
[0.542s] Level 1:colcon.colcon_core.package_identification:_identify(dataset/100.922.16) by extension 'ignore'
[0.542s] Level 1:colcon.colcon_core.package_identification:_identify(dataset/100.922.16) by extension 'ignore_ament_install'
[0.542s] Level 1:colcon.colcon_core.package_identification:_identify(dataset/100.922.16) by extensions ['colcon_pkg']
[0.542s] Level 1:colcon.colcon_core.package_identification:_identify(dataset/100.922.16) by extension 'colcon_pkg'
[0.542s] Level 1:colcon.colcon_core.package_identification:_identify(dataset/100.922.16) by extensions ['colcon_meta']
[0.542s] Level 1:colcon.colcon_core.package_identification:_identify(dataset/100.922.16) by extension 'colcon_meta'
[0.543s] Level 1:colcon.colcon_core.package_identification:_identify(dataset/100.922.16) by extensions ['ros']
[0.543s] Level 1:colcon.colcon_core.package_identification:_identify(dataset/100.922.16) by extension 'ros'
[0.543s] Level 1:colcon.colcon_core.package_identification:_identify(dataset/100.922.16) by extensions ['cmake', 'python']
[0.543s] Level 1:colcon.colcon_core.package_identification:_identify(dataset/100.922.16) by extension 'cmake'
[0.543s] Level 1:colcon.colcon_core.package_identification:_identify(dataset/100.922.16) by extension 'python'
[0.543s] Level 1:colcon.colcon_core.package_identification:_identify(dataset/100.922.16) by extensions ['python_setup_py']
[0.543s] Level 1:colcon.colcon_core.package_identification:_identify(dataset/100.922.16) by extension 'python_setup_py'
[0.543s] Level 1:colcon.colcon_core.package_identification:_identify(dataset/200.921.07) by extensions ['ignore', 'ignore_ament_install']
[0.543s] Level 1:colcon.colcon_core.package_identification:_identify(dataset/200.921.07) by extension 'ignore'
[0.543s] Level 1:colcon.colcon_core.package_identification:_identify(dataset/200.921.07) by extension 'ignore_ament_install'
[0.543s] Level 1:colcon.colcon_core.package_identification:_identify(dataset/200.921.07) by extensions ['colcon_pkg']
[0.543s] Level 1:colcon.colcon_core.package_identification:_identify(dataset/200.921.07) by extension 'colcon_pkg'
[0.543s] Level 1:colcon.colcon_core.package_identification:_identify(dataset/200.921.07) by extensions ['colcon_meta']
[0.544s] Level 1:colcon.colcon_core.package_identification:_identify(dataset/200.921.07) by extension 'colcon_meta'
[0.544s] Level 1:colcon.colcon_core.package_identification:_identify(dataset/200.921.07) by extensions ['ros']
[0.544s] Level 1:colcon.colcon_core.package_identification:_identify(dataset/200.921.07) by extension 'ros'
[0.544s] Level 1:colcon.colcon_core.package_identification:_identify(dataset/200.921.07) by extensions ['cmake', 'python']
[0.544s] Level 1:colcon.colcon_core.package_identification:_identify(dataset/200.921.07) by extension 'cmake'
[0.544s] Level 1:colcon.colcon_core.package_identification:_identify(dataset/200.921.07) by extension 'python'
[0.544s] Level 1:colcon.colcon_core.package_identification:_identify(dataset/200.921.07) by extensions ['python_setup_py']
[0.544s] Level 1:colcon.colcon_core.package_identification:_identify(dataset/200.921.07) by extension 'python_setup_py'
[0.544s] Level 1:colcon.colcon_core.package_identification:_identify(dataset/201.327.78) by extensions ['ignore', 'ignore_ament_install']
[0.544s] Level 1:colcon.colcon_core.package_identification:_identify(dataset/201.327.78) by extension 'ignore'
[0.544s] Level 1:colcon.colcon_core.package_identification:_identify(dataset/201.327.78) by extension 'ignore_ament_install'
[0.544s] Level 1:colcon.colcon_core.package_identification:_identify(dataset/201.327.78) by extensions ['colcon_pkg']
[0.544s] Level 1:colcon.colcon_core.package_identification:_identify(dataset/201.327.78) by extension 'colcon_pkg'
[0.544s] Level 1:colcon.colcon_core.package_identification:_identify(dataset/201.327.78) by extensions ['colcon_meta']
[0.545s] Level 1:colcon.colcon_core.package_identification:_identify(dataset/201.327.78) by extension 'colcon_meta'
[0.545s] Level 1:colcon.colcon_core.package_identification:_identify(dataset/201.327.78) by extensions ['ros']
[0.545s] Level 1:colcon.colcon_core.package_identification:_identify(dataset/201.327.78) by extension 'ros'
[0.545s] Level 1:colcon.colcon_core.package_identification:_identify(dataset/201.327.78) by extensions ['cmake', 'python']
[0.545s] Level 1:colcon.colcon_core.package_identification:_identify(dataset/201.327.78) by extension 'cmake'
[0.545s] Level 1:colcon.colcon_core.package_identification:_identify(dataset/201.327.78) by extension 'python'
[0.545s] Level 1:colcon.colcon_core.package_identification:_identify(dataset/201.327.78) by extensions ['python_setup_py']
[0.545s] Level 1:colcon.colcon_core.package_identification:_identify(dataset/201.327.78) by extension 'python_setup_py'
[0.545s] Level 1:colcon.colcon_core.package_identification:_identify(dataset/300.151.23) by extensions ['ignore', 'ignore_ament_install']
[0.545s] Level 1:colcon.colcon_core.package_identification:_identify(dataset/300.151.23) by extension 'ignore'
[0.545s] Level 1:colcon.colcon_core.package_identification:_identify(dataset/300.151.23) by extension 'ignore_ament_install'
[0.545s] Level 1:colcon.colcon_core.package_identification:_identify(dataset/300.151.23) by extensions ['colcon_pkg']
[0.545s] Level 1:colcon.colcon_core.package_identification:_identify(dataset/300.151.23) by extension 'colcon_pkg'
[0.545s] Level 1:colcon.colcon_core.package_identification:_identify(dataset/300.151.23) by extensions ['colcon_meta']
[0.546s] Level 1:colcon.colcon_core.package_identification:_identify(dataset/300.151.23) by extension 'colcon_meta'
[0.546s] Level 1:colcon.colcon_core.package_identification:_identify(dataset/300.151.23) by extensions ['ros']
[0.546s] Level 1:colcon.colcon_core.package_identification:_identify(dataset/300.151.23) by extension 'ros'
[0.546s] Level 1:colcon.colcon_core.package_identification:_identify(dataset/300.151.23) by extensions ['cmake', 'python']
[0.546s] Level 1:colcon.colcon_core.package_identification:_identify(dataset/300.151.23) by extension 'cmake'
[0.546s] Level 1:colcon.colcon_core.package_identification:_identify(dataset/300.151.23) by extension 'python'
[0.546s] Level 1:colcon.colcon_core.package_identification:_identify(dataset/300.151.23) by extensions ['python_setup_py']
[0.546s] Level 1:colcon.colcon_core.package_identification:_identify(dataset/300.151.23) by extension 'python_setup_py'
[0.546s] Level 1:colcon.colcon_core.package_identification:_identify(dataset/401.324.52) by extensions ['ignore', 'ignore_ament_install']
[0.546s] Level 1:colcon.colcon_core.package_identification:_identify(dataset/401.324.52) by extension 'ignore'
[0.546s] Level 1:colcon.colcon_core.package_identification:_identify(dataset/401.324.52) by extension 'ignore_ament_install'
[0.547s] Level 1:colcon.colcon_core.package_identification:_identify(dataset/401.324.52) by extensions ['colcon_pkg']
[0.547s] Level 1:colcon.colcon_core.package_identification:_identify(dataset/401.324.52) by extension 'colcon_pkg'
[0.547s] Level 1:colcon.colcon_core.package_identification:_identify(dataset/401.324.52) by extensions ['colcon_meta']
[0.547s] Level 1:colcon.colcon_core.package_identification:_identify(dataset/401.324.52) by extension 'colcon_meta'
[0.547s] Level 1:colcon.colcon_core.package_identification:_identify(dataset/401.324.52) by extensions ['ros']
[0.547s] Level 1:colcon.colcon_core.package_identification:_identify(dataset/401.324.52) by extension 'ros'
[0.547s] Level 1:colcon.colcon_core.package_identification:_identify(dataset/401.324.52) by extensions ['cmake', 'python']
[0.547s] Level 1:colcon.colcon_core.package_identification:_identify(dataset/401.324.52) by extension 'cmake'
[0.547s] Level 1:colcon.colcon_core.package_identification:_identify(dataset/401.324.52) by extension 'python'
[0.547s] Level 1:colcon.colcon_core.package_identification:_identify(dataset/401.324.52) by extensions ['python_setup_py']
[0.547s] Level 1:colcon.colcon_core.package_identification:_identify(dataset/401.324.52) by extension 'python_setup_py'
[0.547s] Level 1:colcon.colcon_core.package_identification:_identify(dataset/401.431.44) by extensions ['ignore', 'ignore_ament_install']
[0.547s] Level 1:colcon.colcon_core.package_identification:_identify(dataset/401.431.44) by extension 'ignore'
[0.547s] Level 1:colcon.colcon_core.package_identification:_identify(dataset/401.431.44) by extension 'ignore_ament_install'
[0.548s] Level 1:colcon.colcon_core.package_identification:_identify(dataset/401.431.44) by extensions ['colcon_pkg']
[0.548s] Level 1:colcon.colcon_core.package_identification:_identify(dataset/401.431.44) by extension 'colcon_pkg'
[0.548s] Level 1:colcon.colcon_core.package_identification:_identify(dataset/401.431.44) by extensions ['colcon_meta']
[0.548s] Level 1:colcon.colcon_core.package_identification:_identify(dataset/401.431.44) by extension 'colcon_meta'
[0.548s] Level 1:colcon.colcon_core.package_identification:_identify(dataset/401.431.44) by extensions ['ros']
[0.548s] Level 1:colcon.colcon_core.package_identification:_identify(dataset/401.431.44) by extension 'ros'
[0.548s] Level 1:colcon.colcon_core.package_identification:_identify(dataset/401.431.44) by extensions ['cmake', 'python']
[0.548s] Level 1:colcon.colcon_core.package_identification:_identify(dataset/401.431.44) by extension 'cmake'
[0.548s] Level 1:colcon.colcon_core.package_identification:_identify(dataset/401.431.44) by extension 'python'
[0.548s] Level 1:colcon.colcon_core.package_identification:_identify(dataset/401.431.44) by extensions ['python_setup_py']
[0.548s] Level 1:colcon.colcon_core.package_identification:_identify(dataset/401.431.44) by extension 'python_setup_py'
[0.548s] Level 1:colcon.colcon_core.package_identification:_identify(dataset/463.156.00) by extensions ['ignore', 'ignore_ament_install']
[0.548s] Level 1:colcon.colcon_core.package_identification:_identify(dataset/463.156.00) by extension 'ignore'
[0.548s] Level 1:colcon.colcon_core.package_identification:_identify(dataset/463.156.00) by extension 'ignore_ament_install'
[0.549s] Level 1:colcon.colcon_core.package_identification:_identify(dataset/463.156.00) by extensions ['colcon_pkg']
[0.549s] Level 1:colcon.colcon_core.package_identification:_identify(dataset/463.156.00) by extension 'colcon_pkg'
[0.549s] Level 1:colcon.colcon_core.package_identification:_identify(dataset/463.156.00) by extensions ['colcon_meta']
[0.549s] Level 1:colcon.colcon_core.package_identification:_identify(dataset/463.156.00) by extension 'colcon_meta'
[0.549s] Level 1:colcon.colcon_core.package_identification:_identify(dataset/463.156.00) by extensions ['ros']
[0.549s] Level 1:colcon.colcon_core.package_identification:_identify(dataset/463.156.00) by extension 'ros'
[0.549s] Level 1:colcon.colcon_core.package_identification:_identify(dataset/463.156.00) by extensions ['cmake', 'python']
[0.549s] Level 1:colcon.colcon_core.package_identification:_identify(dataset/463.156.00) by extension 'cmake'
[0.549s] Level 1:colcon.colcon_core.package_identification:_identify(dataset/463.156.00) by extension 'python'
[0.549s] Level 1:colcon.colcon_core.package_identification:_identify(dataset/463.156.00) by extensions ['python_setup_py']
[0.549s] Level 1:colcon.colcon_core.package_identification:_identify(dataset/463.156.00) by extension 'python_setup_py'
[0.549s] Level 1:colcon.colcon_core.package_identification:_identify(dataset/800.919.49) by extensions ['ignore', 'ignore_ament_install']
[0.549s] Level 1:colcon.colcon_core.package_identification:_identify(dataset/800.919.49) by extension 'ignore'
[0.550s] Level 1:colcon.colcon_core.package_identification:_identify(dataset/800.919.49) by extension 'ignore_ament_install'
[0.550s] Level 1:colcon.colcon_core.package_identification:_identify(dataset/800.919.49) by extensions ['colcon_pkg']
[0.550s] Level 1:colcon.colcon_core.package_identification:_identify(dataset/800.919.49) by extension 'colcon_pkg'
[0.550s] Level 1:colcon.colcon_core.package_identification:_identify(dataset/800.919.49) by extensions ['colcon_meta']
[0.550s] Level 1:colcon.colcon_core.package_identification:_identify(dataset/800.919.49) by extension 'colcon_meta'
[0.550s] Level 1:colcon.colcon_core.package_identification:_identify(dataset/800.919.49) by extensions ['ros']
[0.550s] Level 1:colcon.colcon_core.package_identification:_identify(dataset/800.919.49) by extension 'ros'
[0.550s] Level 1:colcon.colcon_core.package_identification:_identify(dataset/800.919.49) by extensions ['cmake', 'python']
[0.550s] Level 1:colcon.colcon_core.package_identification:_identify(dataset/800.919.49) by extension 'cmake'
[0.550s] Level 1:colcon.colcon_core.package_identification:_identify(dataset/800.919.49) by extension 'python'
[0.550s] Level 1:colcon.colcon_core.package_identification:_identify(dataset/800.919.49) by extensions ['python_setup_py']
[0.550s] Level 1:colcon.colcon_core.package_identification:_identify(dataset/800.919.49) by extension 'python_setup_py'
[0.550s] Level 1:colcon.colcon_core.package_identification:_identify(dataset/901.125.07) by extensions ['ignore', 'ignore_ament_install']
[0.551s] Level 1:colcon.colcon_core.package_identification:_identify(dataset/901.125.07) by extension 'ignore'
[0.551s] Level 1:colcon.colcon_core.package_identification:_identify(dataset/901.125.07) by extension 'ignore_ament_install'
[0.551s] Level 1:colcon.colcon_core.package_identification:_identify(dataset/901.125.07) by extensions ['colcon_pkg']
[0.551s] Level 1:colcon.colcon_core.package_identification:_identify(dataset/901.125.07) by extension 'colcon_pkg'
[0.551s] Level 1:colcon.colcon_core.package_identification:_identify(dataset/901.125.07) by extensions ['colcon_meta']
[0.551s] Level 1:colcon.colcon_core.package_identification:_identify(dataset/901.125.07) by extension 'colcon_meta'
[0.551s] Level 1:colcon.colcon_core.package_identification:_identify(dataset/901.125.07) by extensions ['ros']
[0.551s] Level 1:colcon.colcon_core.package_identification:_identify(dataset/901.125.07) by extension 'ros'
[0.551s] Level 1:colcon.colcon_core.package_identification:_identify(dataset/901.125.07) by extensions ['cmake', 'python']
[0.551s] Level 1:colcon.colcon_core.package_identification:_identify(dataset/901.125.07) by extension 'cmake'
[0.551s] Level 1:colcon.colcon_core.package_identification:_identify(dataset/901.125.07) by extension 'python'
[0.551s] Level 1:colcon.colcon_core.package_identification:_identify(dataset/901.125.07) by extensions ['python_setup_py']
[0.551s] Level 1:colcon.colcon_core.package_identification:_identify(dataset/901.125.07) by extension 'python_setup_py'
[0.552s] Level 1:colcon.colcon_core.package_identification:_identify(dataset_washington) by extensions ['ignore', 'ignore_ament_install']
[0.552s] Level 1:colcon.colcon_core.package_identification:_identify(dataset_washington) by extension 'ignore'
[0.552s] Level 1:colcon.colcon_core.package_identification:_identify(dataset_washington) by extension 'ignore_ament_install'
[0.552s] Level 1:colcon.colcon_core.package_identification:_identify(dataset_washington) by extensions ['colcon_pkg']
[0.552s] Level 1:colcon.colcon_core.package_identification:_identify(dataset_washington) by extension 'colcon_pkg'
[0.552s] Level 1:colcon.colcon_core.package_identification:_identify(dataset_washington) by extensions ['colcon_meta']
[0.552s] Level 1:colcon.colcon_core.package_identification:_identify(dataset_washington) by extension 'colcon_meta'
[0.552s] Level 1:colcon.colcon_core.package_identification:_identify(dataset_washington) by extensions ['ros']
[0.552s] Level 1:colcon.colcon_core.package_identification:_identify(dataset_washington) by extension 'ros'
[0.553s] Level 1:colcon.colcon_core.package_identification:_identify(dataset_washington) by extensions ['cmake', 'python']
[0.553s] Level 1:colcon.colcon_core.package_identification:_identify(dataset_washington) by extension 'cmake'
[0.553s] Level 1:colcon.colcon_core.package_identification:_identify(dataset_washington) by extension 'python'
[0.553s] Level 1:colcon.colcon_core.package_identification:_identify(dataset_washington) by extensions ['python_setup_py']
[0.553s] Level 1:colcon.colcon_core.package_identification:_identify(dataset_washington) by extension 'python_setup_py'
[0.553s] Level 1:colcon.colcon_core.package_identification:_identify(dataset_washington/bowl) by extensions ['ignore', 'ignore_ament_install']
[0.553s] Level 1:colcon.colcon_core.package_identification:_identify(dataset_washington/bowl) by extension 'ignore'
[0.554s] Level 1:colcon.colcon_core.package_identification:_identify(dataset_washington/bowl) by extension 'ignore_ament_install'
[0.554s] Level 1:colcon.colcon_core.package_identification:_identify(dataset_washington/bowl) by extensions ['colcon_pkg']
[0.554s] Level 1:colcon.colcon_core.package_identification:_identify(dataset_washington/bowl) by extension 'colcon_pkg'
[0.554s] Level 1:colcon.colcon_core.package_identification:_identify(dataset_washington/bowl) by extensions ['colcon_meta']
[0.554s] Level 1:colcon.colcon_core.package_identification:_identify(dataset_washington/bowl) by extension 'colcon_meta'
[0.554s] Level 1:colcon.colcon_core.package_identification:_identify(dataset_washington/bowl) by extensions ['ros']
[0.554s] Level 1:colcon.colcon_core.package_identification:_identify(dataset_washington/bowl) by extension 'ros'
[0.555s] Level 1:colcon.colcon_core.package_identification:_identify(dataset_washington/bowl) by extensions ['cmake', 'python']
[0.555s] Level 1:colcon.colcon_core.package_identification:_identify(dataset_washington/bowl) by extension 'cmake'
[0.555s] Level 1:colcon.colcon_core.package_identification:_identify(dataset_washington/bowl) by extension 'python'
[0.555s] Level 1:colcon.colcon_core.package_identification:_identify(dataset_washington/bowl) by extensions ['python_setup_py']
[0.555s] Level 1:colcon.colcon_core.package_identification:_identify(dataset_washington/bowl) by extension 'python_setup_py'
[0.555s] Level 1:colcon.colcon_core.package_identification:_identify(dataset_washington/bowl/bowl_1) by extensions ['ignore', 'ignore_ament_install']
[0.555s] Level 1:colcon.colcon_core.package_identification:_identify(dataset_washington/bowl/bowl_1) by extension 'ignore'
[0.556s] Level 1:colcon.colcon_core.package_identification:_identify(dataset_washington/bowl/bowl_1) by extension 'ignore_ament_install'
[0.556s] Level 1:colcon.colcon_core.package_identification:_identify(dataset_washington/bowl/bowl_1) by extensions ['colcon_pkg']
[0.556s] Level 1:colcon.colcon_core.package_identification:_identify(dataset_washington/bowl/bowl_1) by extension 'colcon_pkg'
[0.556s] Level 1:colcon.colcon_core.package_identification:_identify(dataset_washington/bowl/bowl_1) by extensions ['colcon_meta']
[0.556s] Level 1:colcon.colcon_core.package_identification:_identify(dataset_washington/bowl/bowl_1) by extension 'colcon_meta'
[0.556s] Level 1:colcon.colcon_core.package_identification:_identify(dataset_washington/bowl/bowl_1) by extensions ['ros']
[0.556s] Level 1:colcon.colcon_core.package_identification:_identify(dataset_washington/bowl/bowl_1) by extension 'ros'
[0.557s] Level 1:colcon.colcon_core.package_identification:_identify(dataset_washington/bowl/bowl_1) by extensions ['cmake', 'python']
[0.557s] Level 1:colcon.colcon_core.package_identification:_identify(dataset_washington/bowl/bowl_1) by extension 'cmake'
[0.557s] Level 1:colcon.colcon_core.package_identification:_identify(dataset_washington/bowl/bowl_1) by extension 'python'
[0.557s] Level 1:colcon.colcon_core.package_identification:_identify(dataset_washington/bowl/bowl_1) by extensions ['python_setup_py']
[0.557s] Level 1:colcon.colcon_core.package_identification:_identify(dataset_washington/bowl/bowl_1) by extension 'python_setup_py'
[0.557s] Level 1:colcon.colcon_core.package_identification:_identify(dataset_washington/cereal_box) by extensions ['ignore', 'ignore_ament_install']
[0.557s] Level 1:colcon.colcon_core.package_identification:_identify(dataset_washington/cereal_box) by extension 'ignore'
[0.557s] Level 1:colcon.colcon_core.package_identification:_identify(dataset_washington/cereal_box) by extension 'ignore_ament_install'
[0.558s] Level 1:colcon.colcon_core.package_identification:_identify(dataset_washington/cereal_box) by extensions ['colcon_pkg']
[0.558s] Level 1:colcon.colcon_core.package_identification:_identify(dataset_washington/cereal_box) by extension 'colcon_pkg'
[0.558s] Level 1:colcon.colcon_core.package_identification:_identify(dataset_washington/cereal_box) by extensions ['colcon_meta']
[0.558s] Level 1:colcon.colcon_core.package_identification:_identify(dataset_washington/cereal_box) by extension 'colcon_meta'
[0.558s] Level 1:colcon.colcon_core.package_identification:_identify(dataset_washington/cereal_box) by extensions ['ros']
[0.558s] Level 1:colcon.colcon_core.package_identification:_identify(dataset_washington/cereal_box) by extension 'ros'
[0.558s] Level 1:colcon.colcon_core.package_identification:_identify(dataset_washington/cereal_box) by extensions ['cmake', 'python']
[0.558s] Level 1:colcon.colcon_core.package_identification:_identify(dataset_washington/cereal_box) by extension 'cmake'
[0.558s] Level 1:colcon.colcon_core.package_identification:_identify(dataset_washington/cereal_box) by extension 'python'
[0.559s] Level 1:colcon.colcon_core.package_identification:_identify(dataset_washington/cereal_box) by extensions ['python_setup_py']
[0.559s] Level 1:colcon.colcon_core.package_identification:_identify(dataset_washington/cereal_box) by extension 'python_setup_py'
[0.559s] Level 1:colcon.colcon_core.package_identification:_identify(dataset_washington/cereal_box/cereal_box_1) by extensions ['ignore', 'ignore_ament_install']
[0.559s] Level 1:colcon.colcon_core.package_identification:_identify(dataset_washington/cereal_box/cereal_box_1) by extension 'ignore'
[0.559s] Level 1:colcon.colcon_core.package_identification:_identify(dataset_washington/cereal_box/cereal_box_1) by extension 'ignore_ament_install'
[0.559s] Level 1:colcon.colcon_core.package_identification:_identify(dataset_washington/cereal_box/cereal_box_1) by extensions ['colcon_pkg']
[0.559s] Level 1:colcon.colcon_core.package_identification:_identify(dataset_washington/cereal_box/cereal_box_1) by extension 'colcon_pkg'
[0.559s] Level 1:colcon.colcon_core.package_identification:_identify(dataset_washington/cereal_box/cereal_box_1) by extensions ['colcon_meta']
[0.559s] Level 1:colcon.colcon_core.package_identification:_identify(dataset_washington/cereal_box/cereal_box_1) by extension 'colcon_meta'
[0.560s] Level 1:colcon.colcon_core.package_identification:_identify(dataset_washington/cereal_box/cereal_box_1) by extensions ['ros']
[0.560s] Level 1:colcon.colcon_core.package_identification:_identify(dataset_washington/cereal_box/cereal_box_1) by extension 'ros'
[0.560s] Level 1:colcon.colcon_core.package_identification:_identify(dataset_washington/cereal_box/cereal_box_1) by extensions ['cmake', 'python']
[0.560s] Level 1:colcon.colcon_core.package_identification:_identify(dataset_washington/cereal_box/cereal_box_1) by extension 'cmake'
[0.560s] Level 1:colcon.colcon_core.package_identification:_identify(dataset_washington/cereal_box/cereal_box_1) by extension 'python'
[0.560s] Level 1:colcon.colcon_core.package_identification:_identify(dataset_washington/cereal_box/cereal_box_1) by extensions ['python_setup_py']
[0.560s] Level 1:colcon.colcon_core.package_identification:_identify(dataset_washington/cereal_box/cereal_box_1) by extension 'python_setup_py'
[0.560s] Level 1:colcon.colcon_core.package_identification:_identify(dataset_washington/coffee_mug) by extensions ['ignore', 'ignore_ament_install']
[0.560s] Level 1:colcon.colcon_core.package_identification:_identify(dataset_washington/coffee_mug) by extension 'ignore'
[0.560s] Level 1:colcon.colcon_core.package_identification:_identify(dataset_washington/coffee_mug) by extension 'ignore_ament_install'
[0.560s] Level 1:colcon.colcon_core.package_identification:_identify(dataset_washington/coffee_mug) by extensions ['colcon_pkg']
[0.560s] Level 1:colcon.colcon_core.package_identification:_identify(dataset_washington/coffee_mug) by extension 'colcon_pkg'
[0.561s] Level 1:colcon.colcon_core.package_identification:_identify(dataset_washington/coffee_mug) by extensions ['colcon_meta']
[0.561s] Level 1:colcon.colcon_core.package_identification:_identify(dataset_washington/coffee_mug) by extension 'colcon_meta'
[0.561s] Level 1:colcon.colcon_core.package_identification:_identify(dataset_washington/coffee_mug) by extensions ['ros']
[0.561s] Level 1:colcon.colcon_core.package_identification:_identify(dataset_washington/coffee_mug) by extension 'ros'
[0.561s] Level 1:colcon.colcon_core.package_identification:_identify(dataset_washington/coffee_mug) by extensions ['cmake', 'python']
[0.561s] Level 1:colcon.colcon_core.package_identification:_identify(dataset_washington/coffee_mug) by extension 'cmake'
[0.561s] Level 1:colcon.colcon_core.package_identification:_identify(dataset_washington/coffee_mug) by extension 'python'
[0.561s] Level 1:colcon.colcon_core.package_identification:_identify(dataset_washington/coffee_mug) by extensions ['python_setup_py']
[0.561s] Level 1:colcon.colcon_core.package_identification:_identify(dataset_washington/coffee_mug) by extension 'python_setup_py'
[0.561s] Level 1:colcon.colcon_core.package_identification:_identify(dataset_washington/coffee_mug/coffe_mug_1) by extensions ['ignore', 'ignore_ament_install']
[0.561s] Level 1:colcon.colcon_core.package_identification:_identify(dataset_washington/coffee_mug/coffe_mug_1) by extension 'ignore'
[0.561s] Level 1:colcon.colcon_core.package_identification:_identify(dataset_washington/coffee_mug/coffe_mug_1) by extension 'ignore_ament_install'
[0.561s] Level 1:colcon.colcon_core.package_identification:_identify(dataset_washington/coffee_mug/coffe_mug_1) by extensions ['colcon_pkg']
[0.562s] Level 1:colcon.colcon_core.package_identification:_identify(dataset_washington/coffee_mug/coffe_mug_1) by extension 'colcon_pkg'
[0.562s] Level 1:colcon.colcon_core.package_identification:_identify(dataset_washington/coffee_mug/coffe_mug_1) by extensions ['colcon_meta']
[0.562s] Level 1:colcon.colcon_core.package_identification:_identify(dataset_washington/coffee_mug/coffe_mug_1) by extension 'colcon_meta'
[0.562s] Level 1:colcon.colcon_core.package_identification:_identify(dataset_washington/coffee_mug/coffe_mug_1) by extensions ['ros']
[0.562s] Level 1:colcon.colcon_core.package_identification:_identify(dataset_washington/coffee_mug/coffe_mug_1) by extension 'ros'
[0.562s] Level 1:colcon.colcon_core.package_identification:_identify(dataset_washington/coffee_mug/coffe_mug_1) by extensions ['cmake', 'python']
[0.562s] Level 1:colcon.colcon_core.package_identification:_identify(dataset_washington/coffee_mug/coffe_mug_1) by extension 'cmake'
[0.562s] Level 1:colcon.colcon_core.package_identification:_identify(dataset_washington/coffee_mug/coffe_mug_1) by extension 'python'
[0.562s] Level 1:colcon.colcon_core.package_identification:_identify(dataset_washington/coffee_mug/coffe_mug_1) by extensions ['python_setup_py']
[0.562s] Level 1:colcon.colcon_core.package_identification:_identify(dataset_washington/coffee_mug/coffe_mug_1) by extension 'python_setup_py'
[0.562s] Level 1:colcon.colcon_core.package_identification:_identify(dataset_washington/notebook) by extensions ['ignore', 'ignore_ament_install']
[0.562s] Level 1:colcon.colcon_core.package_identification:_identify(dataset_washington/notebook) by extension 'ignore'
[0.562s] Level 1:colcon.colcon_core.package_identification:_identify(dataset_washington/notebook) by extension 'ignore_ament_install'
[0.563s] Level 1:colcon.colcon_core.package_identification:_identify(dataset_washington/notebook) by extensions ['colcon_pkg']
[0.563s] Level 1:colcon.colcon_core.package_identification:_identify(dataset_washington/notebook) by extension 'colcon_pkg'
[0.563s] Level 1:colcon.colcon_core.package_identification:_identify(dataset_washington/notebook) by extensions ['colcon_meta']
[0.563s] Level 1:colcon.colcon_core.package_identification:_identify(dataset_washington/notebook) by extension 'colcon_meta'
[0.563s] Level 1:colcon.colcon_core.package_identification:_identify(dataset_washington/notebook) by extensions ['ros']
[0.563s] Level 1:colcon.colcon_core.package_identification:_identify(dataset_washington/notebook) by extension 'ros'
[0.563s] Level 1:colcon.colcon_core.package_identification:_identify(dataset_washington/notebook) by extensions ['cmake', 'python']
[0.563s] Level 1:colcon.colcon_core.package_identification:_identify(dataset_washington/notebook) by extension 'cmake'
[0.563s] Level 1:colcon.colcon_core.package_identification:_identify(dataset_washington/notebook) by extension 'python'
[0.563s] Level 1:colcon.colcon_core.package_identification:_identify(dataset_washington/notebook) by extensions ['python_setup_py']
[0.563s] Level 1:colcon.colcon_core.package_identification:_identify(dataset_washington/notebook) by extension 'python_setup_py'
[0.563s] Level 1:colcon.colcon_core.package_identification:_identify(dataset_washington/plate) by extensions ['ignore', 'ignore_ament_install']
[0.563s] Level 1:colcon.colcon_core.package_identification:_identify(dataset_washington/plate) by extension 'ignore'
[0.564s] Level 1:colcon.colcon_core.package_identification:_identify(dataset_washington/plate) by extension 'ignore_ament_install'
[0.564s] Level 1:colcon.colcon_core.package_identification:_identify(dataset_washington/plate) by extensions ['colcon_pkg']
[0.564s] Level 1:colcon.colcon_core.package_identification:_identify(dataset_washington/plate) by extension 'colcon_pkg'
[0.564s] Level 1:colcon.colcon_core.package_identification:_identify(dataset_washington/plate) by extensions ['colcon_meta']
[0.564s] Level 1:colcon.colcon_core.package_identification:_identify(dataset_washington/plate) by extension 'colcon_meta'
[0.564s] Level 1:colcon.colcon_core.package_identification:_identify(dataset_washington/plate) by extensions ['ros']
[0.564s] Level 1:colcon.colcon_core.package_identification:_identify(dataset_washington/plate) by extension 'ros'
[0.564s] Level 1:colcon.colcon_core.package_identification:_identify(dataset_washington/plate) by extensions ['cmake', 'python']
[0.564s] Level 1:colcon.colcon_core.package_identification:_identify(dataset_washington/plate) by extension 'cmake'
[0.564s] Level 1:colcon.colcon_core.package_identification:_identify(dataset_washington/plate) by extension 'python'
[0.564s] Level 1:colcon.colcon_core.package_identification:_identify(dataset_washington/plate) by extensions ['python_setup_py']
[0.564s] Level 1:colcon.colcon_core.package_identification:_identify(dataset_washington/plate) by extension 'python_setup_py'
[0.564s] Level 1:colcon.colcon_core.package_identification:_identify(dataset_washington/plate/plate_1) by extensions ['ignore', 'ignore_ament_install']
[0.565s] Level 1:colcon.colcon_core.package_identification:_identify(dataset_washington/plate/plate_1) by extension 'ignore'
[0.565s] Level 1:colcon.colcon_core.package_identification:_identify(dataset_washington/plate/plate_1) by extension 'ignore_ament_install'
[0.565s] Level 1:colcon.colcon_core.package_identification:_identify(dataset_washington/plate/plate_1) by extensions ['colcon_pkg']
[0.565s] Level 1:colcon.colcon_core.package_identification:_identify(dataset_washington/plate/plate_1) by extension 'colcon_pkg'
[0.565s] Level 1:colcon.colcon_core.package_identification:_identify(dataset_washington/plate/plate_1) by extensions ['colcon_meta']
[0.565s] Level 1:colcon.colcon_core.package_identification:_identify(dataset_washington/plate/plate_1) by extension 'colcon_meta'
[0.565s] Level 1:colcon.colcon_core.package_identification:_identify(dataset_washington/plate/plate_1) by extensions ['ros']
[0.565s] Level 1:colcon.colcon_core.package_identification:_identify(dataset_washington/plate/plate_1) by extension 'ros'
[0.565s] Level 1:colcon.colcon_core.package_identification:_identify(dataset_washington/plate/plate_1) by extensions ['cmake', 'python']
[0.565s] Level 1:colcon.colcon_core.package_identification:_identify(dataset_washington/plate/plate_1) by extension 'cmake'
[0.565s] Level 1:colcon.colcon_core.package_identification:_identify(dataset_washington/plate/plate_1) by extension 'python'
[0.565s] Level 1:colcon.colcon_core.package_identification:_identify(dataset_washington/plate/plate_1) by extensions ['python_setup_py']
[0.565s] Level 1:colcon.colcon_core.package_identification:_identify(dataset_washington/plate/plate_1) by extension 'python_setup_py'
[0.565s] Level 1:colcon.colcon_core.package_identification:_identify(dataset_washington/shampoo) by extensions ['ignore', 'ignore_ament_install']
[0.566s] Level 1:colcon.colcon_core.package_identification:_identify(dataset_washington/shampoo) by extension 'ignore'
[0.566s] Level 1:colcon.colcon_core.package_identification:_identify(dataset_washington/shampoo) by extension 'ignore_ament_install'
[0.566s] Level 1:colcon.colcon_core.package_identification:_identify(dataset_washington/shampoo) by extensions ['colcon_pkg']
[0.566s] Level 1:colcon.colcon_core.package_identification:_identify(dataset_washington/shampoo) by extension 'colcon_pkg'
[0.566s] Level 1:colcon.colcon_core.package_identification:_identify(dataset_washington/shampoo) by extensions ['colcon_meta']
[0.566s] Level 1:colcon.colcon_core.package_identification:_identify(dataset_washington/shampoo) by extension 'colcon_meta'
[0.566s] Level 1:colcon.colcon_core.package_identification:_identify(dataset_washington/shampoo) by extensions ['ros']
[0.566s] Level 1:colcon.colcon_core.package_identification:_identify(dataset_washington/shampoo) by extension 'ros'
[0.566s] Level 1:colcon.colcon_core.package_identification:_identify(dataset_washington/shampoo) by extensions ['cmake', 'python']
[0.566s] Level 1:colcon.colcon_core.package_identification:_identify(dataset_washington/shampoo) by extension 'cmake'
[0.566s] Level 1:colcon.colcon_core.package_identification:_identify(dataset_washington/shampoo) by extension 'python'
[0.566s] Level 1:colcon.colcon_core.package_identification:_identify(dataset_washington/shampoo) by extensions ['python_setup_py']
[0.566s] Level 1:colcon.colcon_core.package_identification:_identify(dataset_washington/shampoo) by extension 'python_setup_py'
[0.567s] Level 1:colcon.colcon_core.package_identification:_identify(dataset_washington/shampoo/shampoo_1) by extensions ['ignore', 'ignore_ament_install']
[0.567s] Level 1:colcon.colcon_core.package_identification:_identify(dataset_washington/shampoo/shampoo_1) by extension 'ignore'
[0.567s] Level 1:colcon.colcon_core.package_identification:_identify(dataset_washington/shampoo/shampoo_1) by extension 'ignore_ament_install'
[0.567s] Level 1:colcon.colcon_core.package_identification:_identify(dataset_washington/shampoo/shampoo_1) by extensions ['colcon_pkg']
[0.567s] Level 1:colcon.colcon_core.package_identification:_identify(dataset_washington/shampoo/shampoo_1) by extension 'colcon_pkg'
[0.567s] Level 1:colcon.colcon_core.package_identification:_identify(dataset_washington/shampoo/shampoo_1) by extensions ['colcon_meta']
[0.567s] Level 1:colcon.colcon_core.package_identification:_identify(dataset_washington/shampoo/shampoo_1) by extension 'colcon_meta'
[0.567s] Level 1:colcon.colcon_core.package_identification:_identify(dataset_washington/shampoo/shampoo_1) by extensions ['ros']
[0.567s] Level 1:colcon.colcon_core.package_identification:_identify(dataset_washington/shampoo/shampoo_1) by extension 'ros'
[0.567s] Level 1:colcon.colcon_core.package_identification:_identify(dataset_washington/shampoo/shampoo_1) by extensions ['cmake', 'python']
[0.567s] Level 1:colcon.colcon_core.package_identification:_identify(dataset_washington/shampoo/shampoo_1) by extension 'cmake'
[0.567s] Level 1:colcon.colcon_core.package_identification:_identify(dataset_washington/shampoo/shampoo_1) by extension 'python'
[0.567s] Level 1:colcon.colcon_core.package_identification:_identify(dataset_washington/shampoo/shampoo_1) by extensions ['python_setup_py']
[0.567s] Level 1:colcon.colcon_core.package_identification:_identify(dataset_washington/shampoo/shampoo_1) by extension 'python_setup_py'
[0.568s] Level 1:colcon.colcon_core.package_identification:_identify(dataset_washington/soda_can) by extensions ['ignore', 'ignore_ament_install']
[0.568s] Level 1:colcon.colcon_core.package_identification:_identify(dataset_washington/soda_can) by extension 'ignore'
[0.568s] Level 1:colcon.colcon_core.package_identification:_identify(dataset_washington/soda_can) by extension 'ignore_ament_install'
[0.568s] Level 1:colcon.colcon_core.package_identification:_identify(dataset_washington/soda_can) by extensions ['colcon_pkg']
[0.568s] Level 1:colcon.colcon_core.package_identification:_identify(dataset_washington/soda_can) by extension 'colcon_pkg'
[0.568s] Level 1:colcon.colcon_core.package_identification:_identify(dataset_washington/soda_can) by extensions ['colcon_meta']
[0.568s] Level 1:colcon.colcon_core.package_identification:_identify(dataset_washington/soda_can) by extension 'colcon_meta'
[0.568s] Level 1:colcon.colcon_core.package_identification:_identify(dataset_washington/soda_can) by extensions ['ros']
[0.568s] Level 1:colcon.colcon_core.package_identification:_identify(dataset_washington/soda_can) by extension 'ros'
[0.568s] Level 1:colcon.colcon_core.package_identification:_identify(dataset_washington/soda_can) by extensions ['cmake', 'python']
[0.568s] Level 1:colcon.colcon_core.package_identification:_identify(dataset_washington/soda_can) by extension 'cmake'
[0.568s] Level 1:colcon.colcon_core.package_identification:_identify(dataset_washington/soda_can) by extension 'python'
[0.569s] Level 1:colcon.colcon_core.package_identification:_identify(dataset_washington/soda_can) by extensions ['python_setup_py']
[0.569s] Level 1:colcon.colcon_core.package_identification:_identify(dataset_washington/soda_can) by extension 'python_setup_py'
[0.569s] Level 1:colcon.colcon_core.package_identification:_identify(dataset_washington/soda_can/soda_can_1) by extensions ['ignore', 'ignore_ament_install']
[0.569s] Level 1:colcon.colcon_core.package_identification:_identify(dataset_washington/soda_can/soda_can_1) by extension 'ignore'
[0.569s] Level 1:colcon.colcon_core.package_identification:_identify(dataset_washington/soda_can/soda_can_1) by extension 'ignore_ament_install'
[0.569s] Level 1:colcon.colcon_core.package_identification:_identify(dataset_washington/soda_can/soda_can_1) by extensions ['colcon_pkg']
[0.569s] Level 1:colcon.colcon_core.package_identification:_identify(dataset_washington/soda_can/soda_can_1) by extension 'colcon_pkg'
[0.570s] Level 1:colcon.colcon_core.package_identification:_identify(dataset_washington/soda_can/soda_can_1) by extensions ['colcon_meta']
[0.570s] Level 1:colcon.colcon_core.package_identification:_identify(dataset_washington/soda_can/soda_can_1) by extension 'colcon_meta'
[0.570s] Level 1:colcon.colcon_core.package_identification:_identify(dataset_washington/soda_can/soda_can_1) by extensions ['ros']
[0.570s] Level 1:colcon.colcon_core.package_identification:_identify(dataset_washington/soda_can/soda_can_1) by extension 'ros'
[0.570s] Level 1:colcon.colcon_core.package_identification:_identify(dataset_washington/soda_can/soda_can_1) by extensions ['cmake', 'python']
[0.570s] Level 1:colcon.colcon_core.package_identification:_identify(dataset_washington/soda_can/soda_can_1) by extension 'cmake'
[0.571s] Level 1:colcon.colcon_core.package_identification:_identify(dataset_washington/soda_can/soda_can_1) by extension 'python'
[0.571s] Level 1:colcon.colcon_core.package_identification:_identify(dataset_washington/soda_can/soda_can_1) by extensions ['python_setup_py']
[0.571s] Level 1:colcon.colcon_core.package_identification:_identify(dataset_washington/soda_can/soda_can_1) by extension 'python_setup_py'
[0.571s] Level 1:colcon.colcon_core.package_identification:_identify(dataset_washington/water_bottle) by extensions ['ignore', 'ignore_ament_install']
[0.571s] Level 1:colcon.colcon_core.package_identification:_identify(dataset_washington/water_bottle) by extension 'ignore'
[0.571s] Level 1:colcon.colcon_core.package_identification:_identify(dataset_washington/water_bottle) by extension 'ignore_ament_install'
[0.572s] Level 1:colcon.colcon_core.package_identification:_identify(dataset_washington/water_bottle) by extensions ['colcon_pkg']
[0.572s] Level 1:colcon.colcon_core.package_identification:_identify(dataset_washington/water_bottle) by extension 'colcon_pkg'
[0.572s] Level 1:colcon.colcon_core.package_identification:_identify(dataset_washington/water_bottle) by extensions ['colcon_meta']
[0.572s] Level 1:colcon.colcon_core.package_identification:_identify(dataset_washington/water_bottle) by extension 'colcon_meta'
[0.572s] Level 1:colcon.colcon_core.package_identification:_identify(dataset_washington/water_bottle) by extensions ['ros']
[0.572s] Level 1:colcon.colcon_core.package_identification:_identify(dataset_washington/water_bottle) by extension 'ros'
[0.572s] Level 1:colcon.colcon_core.package_identification:_identify(dataset_washington/water_bottle) by extensions ['cmake', 'python']
[0.572s] Level 1:colcon.colcon_core.package_identification:_identify(dataset_washington/water_bottle) by extension 'cmake'
[0.572s] Level 1:colcon.colcon_core.package_identification:_identify(dataset_washington/water_bottle) by extension 'python'
[0.572s] Level 1:colcon.colcon_core.package_identification:_identify(dataset_washington/water_bottle) by extensions ['python_setup_py']
[0.572s] Level 1:colcon.colcon_core.package_identification:_identify(dataset_washington/water_bottle) by extension 'python_setup_py'
[0.573s] Level 1:colcon.colcon_core.package_identification:_identify(dataset_washington/water_bottle/water_bottle_1) by extensions ['ignore', 'ignore_ament_install']
[0.573s] Level 1:colcon.colcon_core.package_identification:_identify(dataset_washington/water_bottle/water_bottle_1) by extension 'ignore'
[0.574s] Level 1:colcon.colcon_core.package_identification:_identify(dataset_washington/water_bottle/water_bottle_1) by extension 'ignore_ament_install'
[0.574s] Level 1:colcon.colcon_core.package_identification:_identify(dataset_washington/water_bottle/water_bottle_1) by extensions ['colcon_pkg']
[0.574s] Level 1:colcon.colcon_core.package_identification:_identify(dataset_washington/water_bottle/water_bottle_1) by extension 'colcon_pkg'
[0.574s] Level 1:colcon.colcon_core.package_identification:_identify(dataset_washington/water_bottle/water_bottle_1) by extensions ['colcon_meta']
[0.574s] Level 1:colcon.colcon_core.package_identification:_identify(dataset_washington/water_bottle/water_bottle_1) by extension 'colcon_meta'
[0.574s] Level 1:colcon.colcon_core.package_identification:_identify(dataset_washington/water_bottle/water_bottle_1) by extensions ['ros']
[0.574s] Level 1:colcon.colcon_core.package_identification:_identify(dataset_washington/water_bottle/water_bottle_1) by extension 'ros'
[0.574s] Level 1:colcon.colcon_core.package_identification:_identify(dataset_washington/water_bottle/water_bottle_1) by extensions ['cmake', 'python']
[0.574s] Level 1:colcon.colcon_core.package_identification:_identify(dataset_washington/water_bottle/water_bottle_1) by extension 'cmake'
[0.574s] Level 1:colcon.colcon_core.package_identification:_identify(dataset_washington/water_bottle/water_bottle_1) by extension 'python'
[0.574s] Level 1:colcon.colcon_core.package_identification:_identify(dataset_washington/water_bottle/water_bottle_1) by extensions ['python_setup_py']
[0.574s] Level 1:colcon.colcon_core.package_identification:_identify(dataset_washington/water_bottle/water_bottle_1) by extension 'python_setup_py'
[0.575s] Level 1:colcon.colcon_core.package_identification:_identify(install) by extensions ['ignore', 'ignore_ament_install']
[0.575s] Level 1:colcon.colcon_core.package_identification:_identify(install) by extension 'ignore'
[0.575s] Level 1:colcon.colcon_core.package_identification:_identify(install) ignored
[0.575s] Level 1:colcon.colcon_core.package_identification:_identify(log) by extensions ['ignore', 'ignore_ament_install']
[0.575s] Level 1:colcon.colcon_core.package_identification:_identify(log) by extension 'ignore'
[0.575s] Level 1:colcon.colcon_core.package_identification:_identify(log) ignored
[0.575s] Level 1:colcon.colcon_core.package_identification:_identify(scene_example) by extensions ['ignore', 'ignore_ament_install']
[0.575s] Level 1:colcon.colcon_core.package_identification:_identify(scene_example) by extension 'ignore'
[0.575s] Level 1:colcon.colcon_core.package_identification:_identify(scene_example) by extension 'ignore_ament_install'
[0.576s] Level 1:colcon.colcon_core.package_identification:_identify(scene_example) by extensions ['colcon_pkg']
[0.576s] Level 1:colcon.colcon_core.package_identification:_identify(scene_example) by extension 'colcon_pkg'
[0.576s] Level 1:colcon.colcon_core.package_identification:_identify(scene_example) by extensions ['colcon_meta']
[0.576s] Level 1:colcon.colcon_core.package_identification:_identify(scene_example) by extension 'colcon_meta'
[0.576s] Level 1:colcon.colcon_core.package_identification:_identify(scene_example) by extensions ['ros']
[0.576s] Level 1:colcon.colcon_core.package_identification:_identify(scene_example) by extension 'ros'
[0.576s] Level 1:colcon.colcon_core.package_identification:_identify(scene_example) by extensions ['cmake', 'python']
[0.576s] Level 1:colcon.colcon_core.package_identification:_identify(scene_example) by extension 'cmake'
[0.576s] Level 1:colcon.colcon_core.package_identification:_identify(scene_example) by extension 'python'
[0.576s] Level 1:colcon.colcon_core.package_identification:_identify(scene_example) by extensions ['python_setup_py']
[0.576s] Level 1:colcon.colcon_core.package_identification:_identify(scene_example) by extension 'python_setup_py'
[0.576s] Level 1:colcon.colcon_core.package_identification:_identify(src) by extensions ['ignore', 'ignore_ament_install']
[0.576s] Level 1:colcon.colcon_core.package_identification:_identify(src) by extension 'ignore'
[0.577s] Level 1:colcon.colcon_core.package_identification:_identify(src) by extension 'ignore_ament_install'
[0.577s] Level 1:colcon.colcon_core.package_identification:_identify(src) by extensions ['colcon_pkg']
[0.577s] Level 1:colcon.colcon_core.package_identification:_identify(src) by extension 'colcon_pkg'
[0.577s] Level 1:colcon.colcon_core.package_identification:_identify(src) by extensions ['colcon_meta']
[0.577s] Level 1:colcon.colcon_core.package_identification:_identify(src) by extension 'colcon_meta'
[0.577s] Level 1:colcon.colcon_core.package_identification:_identify(src) by extensions ['ros']
[0.577s] Level 1:colcon.colcon_core.package_identification:_identify(src) by extension 'ros'
[0.577s] Level 1:colcon.colcon_core.package_identification:_identify(src) by extensions ['cmake', 'python']
[0.577s] Level 1:colcon.colcon_core.package_identification:_identify(src) by extension 'cmake'
[0.588s] Level 1:colcon.colcon_core.package_identification:_identify(src) by extension 'python'
[0.588s] DEBUG:colcon.colcon_core.package_identification:Package 'src' with type 'cmake' and name 'Project'
[0.589s] Level 1:colcon.colcon_core.package_discovery:discover_packages(recursive) using defaults
[0.589s] Level 1:colcon.colcon_core.package_discovery:discover_packages(ignore) discover
[0.589s] Level 1:colcon.colcon_core.package_discovery:discover_packages(ignore) using defaults
[0.589s] Level 1:colcon.colcon_core.package_discovery:discover_packages(path) discover
[0.589s] Level 1:colcon.colcon_core.package_discovery:discover_packages(path) using defaults
[0.622s] Level 5:colcon.colcon_core.verb:set package 'Project' build argument 'cmake_args' from command line to 'None'
[0.622s] Level 5:colcon.colcon_core.verb:set package 'Project' build argument 'cmake_target' from command line to 'None'
[0.622s] Level 5:colcon.colcon_core.verb:set package 'Project' build argument 'cmake_target_skip_unavailable' from command line to 'False'
[0.622s] Level 5:colcon.colcon_core.verb:set package 'Project' build argument 'cmake_clean_cache' from command line to 'False'
[0.622s] Level 5:colcon.colcon_core.verb:set package 'Project' build argument 'cmake_clean_first' from command line to 'False'
[0.622s] Level 5:colcon.colcon_core.verb:set package 'Project' build argument 'cmake_force_configure' from command line to 'False'
[0.622s] Level 5:colcon.colcon_core.verb:set package 'Project' build argument 'ament_cmake_args' from command line to 'None'
[0.622s] Level 5:colcon.colcon_core.verb:set package 'Project' build argument 'catkin_cmake_args' from command line to 'None'
[0.622s] Level 5:colcon.colcon_core.verb:set package 'Project' build argument 'catkin_skip_building_tests' from command line to 'False'
[0.623s] DEBUG:colcon.colcon_core.verb:Building package 'Project' with the following arguments: {'ament_cmake_args': None, 'build_base': '/home/robo/ros/build/Project', 'catkin_cmake_args': None, 'catkin_skip_building_tests': False, 'cmake_args': None, 'cmake_clean_cache': False, 'cmake_clean_first': False, 'cmake_force_configure': False, 'cmake_target': None, 'cmake_target_skip_unavailable': False, 'install_base': '/home/robo/ros/install/Project', 'merge_install': False, 'path': '/home/robo/ros/src', 'symlink_install': False, 'test_result_base': None}
[0.623s] INFO:colcon.colcon_core.executor:Executing jobs using 'parallel' executor
[0.626s] DEBUG:colcon.colcon_parallel_executor.executor.parallel:run_until_complete
[0.626s] INFO:colcon.colcon_cmake.task.cmake.build:Building CMake package in '/home/robo/ros/src'
[0.631s] INFO:colcon.colcon_core.plugin_system:Skipping extension 'colcon_core.shell.bat': Not used on non-Windows systems
[0.631s] INFO:colcon.colcon_core.shell:Skip shell extension 'powershell' for command environment: Not usable outside of PowerShell
[0.631s] DEBUG:colcon.colcon_core.shell:Skip shell extension 'dsv' for command environment
[0.634s] WARNING:colcon.colcon_ros.prefix_path.catkin:The path '/home/robo/ros/devel' in the environment variable CMAKE_PREFIX_PATH doesn't exist
[0.634s] DEBUG:colcon.colcon_core.shell:Ignoring prefix path '/opt/ros/noetic'
[0.648s] DEBUG:colcon.colcon_core.event_handler.log_command:Invoking command in '/home/robo/ros/build/Project': /usr/bin/cmake /home/robo/ros/src -DCMAKE_INSTALL_PREFIX=/home/robo/ros/install/Project
[3.670s] DEBUG:colcon.colcon_core.event_handler.log_command:Invoked command in '/home/robo/ros/build/Project' returned '1': /usr/bin/cmake /home/robo/ros/src -DCMAKE_INSTALL_PREFIX=/home/robo/ros/install/Project
[3.681s] DEBUG:colcon.colcon_parallel_executor.executor.parallel:closing loop
[3.681s] DEBUG:colcon.colcon_parallel_executor.executor.parallel:loop closed
[3.681s] DEBUG:colcon.colcon_parallel_executor.executor.parallel:run_until_complete finished with '1'
[3.681s] DEBUG:colcon.colcon_core.event_reactor:joining thread
[3.690s] INFO:colcon.colcon_core.plugin_system:Skipping extension 'colcon_notification.desktop_notification.terminal_notifier': Not used on non-Darwin systems
[3.690s] INFO:colcon.colcon_core.plugin_system:Skipping extension 'colcon_notification.desktop_notification.win32': Not used on non-Windows systems
[3.690s] INFO:colcon.colcon_notification.desktop_notification:Sending desktop notification using 'notify2'
[3.715s] DEBUG:colcon.colcon_core.event_reactor:joined thread
[3.716s] INFO:colcon.colcon_core.shell:Creating prefix script '/home/robo/ros/install/local_setup.ps1'
[3.717s] INFO:colcon.colcon_core.shell:Creating prefix util module '/home/robo/ros/install/_local_setup_util_ps1.py'
[3.719s] INFO:colcon.colcon_core.shell:Creating prefix chain script '/home/robo/ros/install/setup.ps1'
[3.723s] INFO:colcon.colcon_core.shell:Creating prefix script '/home/robo/ros/install/local_setup.sh'
[3.724s] INFO:colcon.colcon_core.shell:Creating prefix util module '/home/robo/ros/install/_local_setup_util_sh.py'
[3.725s] INFO:colcon.colcon_core.shell:Creating prefix chain script '/home/robo/ros/install/setup.sh'
[3.729s] INFO:colcon.colcon_core.shell:Creating prefix script '/home/robo/ros/install/local_setup.bash'
[3.730s] INFO:colcon.colcon_core.shell:Creating prefix chain script '/home/robo/ros/install/setup.bash'
[3.734s] INFO:colcon.colcon_core.shell:Creating prefix script '/home/robo/ros/install/local_setup.zsh'
[3.734s] INFO:colcon.colcon_core.shell:Creating prefix chain script '/home/robo/ros/install/setup.zsh'
