[0.020s] Invoking command in '/home/robo/ros/build/Project': /usr/bin/cmake /home/robo/ros/src -DCMAKE_INSTALL_PREFIX=/home/robo/ros/install/Project
[0.120s] -- The C compiler identification is GNU 7.5.0
[0.219s] -- The CXX compiler identification is GNU 7.5.0
[0.232s] -- Check for working C compiler: /usr/bin/cc
[0.327s] -- Check for working C compiler: /usr/bin/cc -- works
[0.329s] -- Detecting C compiler ABI info
[0.420s] -- Detecting C compiler ABI info - done
[0.446s] -- Detecting C compile features
[0.447s] -- Detecting C compile features - done
[0.453s] -- Check for working CXX compiler: /usr/bin/c++
[0.609s] -- Check for working CXX compiler: /usr/bin/c++ -- works
[0.613s] -- Detecting CXX compiler ABI info
[0.753s] -- Detecting CXX compiler ABI info - done
[0.783s] -- Detecting CXX compile features
[0.784s] -- Detecting CXX compile features - done
[1.203s] -- Using CATKIN_DEVEL_PREFIX: /home/robo/ros/build/Project/devel
[1.204s] -- Using CMAKE_PREFIX_PATH: /home/robo/ros/devel;/opt/ros/noetic
[1.204s] -- This workspace overlays: /opt/ros/noetic
[1.249s] -- Found PythonInterp: /usr/bin/python3 (found suitable version "3.8.5", minimum required is "3") 
[1.249s] -- Using PYTHON_EXECUTABLE: /usr/bin/python3
[1.249s] -- Using Debian Python package layout
[1.333s] -- Found PY_em: /usr/lib/python3/dist-packages/em.py  
[1.333s] -- Using empy: /usr/lib/python3/dist-packages/em.py
[1.573s] -- Using CATKIN_ENABLE_TESTING: ON
[1.573s] -- Call enable_testing()
[1.576s] -- Using CATKIN_TEST_RESULTS_DIR: /home/robo/ros/build/Project/test_results
[1.993s] -- Forcing gtest/gmock from source, though one was otherwise available.
[1.993s] -- Found gtest sources under '/usr/src/googletest': gtests will be built
[1.994s] -- Found gmock sources under '/usr/src/googletest': gmock will be built
[2.035s] -- Found PythonInterp: /usr/bin/python3 (found version "3.8.5") 
[2.038s] -- Found Threads: TRUE  
[2.049s] -- Using Python nosetests: /usr/bin/nosetests3
[2.136s] -- catkin 0.8.9
[2.136s] -- BUILD_SHARED_LIBS is on
[2.350s] -- BUILD_SHARED_LIBS is on
[3.030s] -- ~~~~~~~~~~~~~~~~~~~~~~~~~~~~~~~~~~~~~~~~~~~~~~~~~
[3.031s] -- ~~  traversing 4 packages in topological order:
[3.031s] -- ~~  - object_recognition_pkg
[3.031s] -- ~~  - test
[3.031s] -- ~~  - darknet_ros_msgs (plain cmake)
[3.031s] -- ~~  - darknet_ros (plain cmake)
[3.031s] -- ~~~~~~~~~~~~~~~~~~~~~~~~~~~~~~~~~~~~~~~~~~~~~~~~~
[3.033s] -- Configuring incomplete, errors occurred!
[3.033s] See also "/home/robo/ros/build/Project/CMakeFiles/CMakeOutput.log".
[3.033s] See also "/home/robo/ros/build/Project/CMakeFiles/CMakeError.log".
[3.033s] CMake Error at /opt/ros/noetic/share/catkin/cmake/catkin_workspace.cmake:100 (message):
[3.033s]   This workspace contains non-catkin packages in it, and catkin cannot build
[3.034s]   a non-homogeneous workspace without isolation.  Try the
[3.034s]   'catkin_make_isolated' command instead.
[3.034s] Call Stack (most recent call first):
[3.034s]   CMakeLists.txt:69 (catkin_workspace)
[3.034s] 
[3.034s] 
[3.042s] Invoked command in '/home/robo/ros/build/Project' returned '1': /usr/bin/cmake /home/robo/ros/src -DCMAKE_INSTALL_PREFIX=/home/robo/ros/install/Project
