Performing C SOURCE FILE Test CMAKE_HAVE_LIBC_PTHREAD failed with the following output:
Change Dir: /home/robo/ros/build/CMakeFiles/CMakeTmp

Run Build Command(s):/usr/bin/make cmTC_badab/fast && make[1]: Entering directory '/home/robo/ros/build/CMakeFiles/CMakeTmp'
/usr/bin/make -f CMakeFiles/cmTC_badab.dir/build.make CMakeFiles/cmTC_badab.dir/build
make[2]: Entering directory '/home/robo/ros/build/CMakeFiles/CMakeTmp'
Building C object CMakeFiles/cmTC_badab.dir/src.c.o
/usr/bin/cc   -DCMAKE_HAVE_LIBC_PTHREAD   -o CMakeFiles/cmTC_badab.dir/src.c.o   -c /home/robo/ros/build/CMakeFiles/CMakeTmp/src.c
Linking C executable cmTC_badab
/usr/bin/cmake -E cmake_link_script CMakeFiles/cmTC_badab.dir/link.txt --verbose=1
/usr/bin/cc  -DCMAKE_HAVE_LIBC_PTHREAD    -rdynamic CMakeFiles/cmTC_badab.dir/src.c.o  -o cmTC_badab 
/usr/bin/ld: CMakeFiles/cmTC_badab.dir/src.c.o: in function `main':
src.c:(.text+0x3e): undefined reference to `pthread_create'
/usr/bin/ld: src.c:(.text+0x4a): undefined reference to `pthread_detach'
/usr/bin/ld: src.c:(.text+0x5b): undefined reference to `pthread_join'
collect2: error: ld returned 1 exit status
make[2]: *** [CMakeFiles/cmTC_badab.dir/build.make:87: cmTC_badab] Error 1
make[2]: Leaving directory '/home/robo/ros/build/CMakeFiles/CMakeTmp'
make[1]: *** [Makefile:121: cmTC_badab/fast] Error 2
make[1]: Leaving directory '/home/robo/ros/build/CMakeFiles/CMakeTmp'


Source file was:
#include <pthread.h>

void* test_func(void* data)
{
  return data;
}

int main(void)
{
  pthread_t thread;
  pthread_create(&thread, NULL, test_func, NULL);
  pthread_detach(thread);
  pthread_join(thread, NULL);
  pthread_atfork(NULL, NULL, NULL);
  pthread_exit(NULL);

  return 0;
}

Determining if the function pthread_create exists in the pthreads failed with the following output:
Change Dir: /home/robo/ros/build/CMakeFiles/CMakeTmp

Run Build Command(s):/usr/bin/make cmTC_26acd/fast && make[1]: Entering directory '/home/robo/ros/build/CMakeFiles/CMakeTmp'
/usr/bin/make -f CMakeFiles/cmTC_26acd.dir/build.make CMakeFiles/cmTC_26acd.dir/build
make[2]: Entering directory '/home/robo/ros/build/CMakeFiles/CMakeTmp'
Building C object CMakeFiles/cmTC_26acd.dir/CheckFunctionExists.c.o
/usr/bin/cc   -DCHECK_FUNCTION_EXISTS=pthread_create   -o CMakeFiles/cmTC_26acd.dir/CheckFunctionExists.c.o   -c /usr/share/cmake-3.16/Modules/CheckFunctionExists.c
Linking C executable cmTC_26acd
/usr/bin/cmake -E cmake_link_script CMakeFiles/cmTC_26acd.dir/link.txt --verbose=1
/usr/bin/cc  -DCHECK_FUNCTION_EXISTS=pthread_create    -rdynamic CMakeFiles/cmTC_26acd.dir/CheckFunctionExists.c.o  -o cmTC_26acd  -lpthreads 
/usr/bin/ld: cannot find -lpthreads
collect2: error: ld returned 1 exit status
make[2]: *** [CMakeFiles/cmTC_26acd.dir/build.make:87: cmTC_26acd] Error 1
make[2]: Leaving directory '/home/robo/ros/build/CMakeFiles/CMakeTmp'
make[1]: *** [Makefile:121: cmTC_26acd/fast] Error 2
make[1]: Leaving directory '/home/robo/ros/build/CMakeFiles/CMakeTmp'



